Compiling the CXX compiler identification source file "CMakeCXXCompilerId.cpp" failed.
Compiler: /usr/bin/c++ 
Build flags: 
Id flags:  

The output was:
No such file or directory


Compiling the CXX compiler identification source file "CMakeCXXCompilerId.cpp" failed.
Compiler: /usr/bin/c++ 
Build flags: 
Id flags: -c 

The output was:
No such file or directory


Compiling the CXX compiler identification source file "CMakeCXXCompilerId.cpp" failed.
Compiler: /usr/bin/c++ 
Build flags: 
Id flags: --c++ 

The output was:
No such file or directory


Compiling the CXX compiler identification source file "CMakeCXXCompilerId.cpp" failed.
Compiler: /usr/bin/c++ 
Build flags: 
Id flags: --ec++ 

The output was:
No such file or directory


Compiling the CXX compiler identification source file "CMakeCXXCompilerId.cpp" failed.
Compiler: /usr/bin/c++ 
Build flags: 
Id flags:  

The output was:
No such file or directory


Compiling the CXX compiler identification source file "CMakeCXXCompilerId.cpp" failed.
Compiler: /usr/bin/c++ 
Build flags: 
Id flags: -c 

The output was:
No such file or directory


Compiling the CXX compiler identification source file "CMakeCXXCompilerId.cpp" failed.
Compiler: /usr/bin/c++ 
Build flags: 
Id flags: --c++ 

The output was:
No such file or directory


Compiling the CXX compiler identification source file "CMakeCXXCompilerId.cpp" failed.
Compiler: /usr/bin/c++ 
Build flags: 
Id flags: --ec++ 

The output was:
No such file or directory


Checking whether the CXX compiler is IAR using "" did not match "IAR .+ Compiler":
Checking whether the CXX compiler is IAR using "" did not match "IAR .+ Compiler":
Compiling the CXX compiler identification source file "CMakeCXXCompilerId.cpp" failed.
Compiler: CMAKE_CXX_COMPILER-NOTFOUND 
Build flags: 
Id flags:  

The output was:
No such file or directory


Compiling the CXX compiler identification source file "CMakeCXXCompilerId.cpp" failed.
Compiler: CMAKE_CXX_COMPILER-NOTFOUND 
Build flags: 
Id flags: -c 

The output was:
No such file or directory


Compiling the CXX compiler identification source file "CMakeCXXCompilerId.cpp" failed.
Compiler: CMAKE_CXX_COMPILER-NOTFOUND 
Build flags: 
Id flags: --c++ 

The output was:
No such file or directory


Compiling the CXX compiler identification source file "CMakeCXXCompilerId.cpp" failed.
Compiler: CMAKE_CXX_COMPILER-NOTFOUND 
Build flags: 
Id flags: --ec++ 

The output was:
No such file or directory


Compiling the CXX compiler identification source file "CMakeCXXCompilerId.cpp" failed.
Compiler: CMAKE_CXX_COMPILER-NOTFOUND 
Build flags: 
Id flags:  

The output was:
No such file or directory


Compiling the CXX compiler identification source file "CMakeCXXCompilerId.cpp" failed.
Compiler: CMAKE_CXX_COMPILER-NOTFOUND 
Build flags: 
Id flags: -c 

The output was:
No such file or directory


Compiling the CXX compiler identification source file "CMakeCXXCompilerId.cpp" failed.
Compiler: CMAKE_CXX_COMPILER-NOTFOUND 
Build flags: 
Id flags: --c++ 

The output was:
No such file or directory


Compiling the CXX compiler identification source file "CMakeCXXCompilerId.cpp" failed.
Compiler: CMAKE_CXX_COMPILER-NOTFOUND 
Build flags: 
Id flags: --ec++ 

The output was:
No such file or directory


Determining if the pthread_create exist failed with the following output:
Change Dir: /mnt/sda3/UBA/Algoritmos 2/Clase6/CMakeFiles/CMakeTmp

Run Build Command:"/usr/bin/make" "cmTC_259a3/fast"
/usr/bin/make -f CMakeFiles/cmTC_259a3.dir/build.make CMakeFiles/cmTC_259a3.dir/build
make[1]: Entering directory '/mnt/sda3/UBA/Algoritmos 2/Clase6/CMakeFiles/CMakeTmp'
Building C object CMakeFiles/cmTC_259a3.dir/CheckSymbolExists.c.o
/usr/bin/cc    -o CMakeFiles/cmTC_259a3.dir/CheckSymbolExists.c.o   -c "/mnt/sda3/UBA/Algoritmos 2/Clase6/CMakeFiles/CMakeTmp/CheckSymbolExists.c"
Linking C executable cmTC_259a3
/usr/bin/cmake -E cmake_link_script CMakeFiles/cmTC_259a3.dir/link.txt --verbose=1
/usr/bin/cc      -rdynamic CMakeFiles/cmTC_259a3.dir/CheckSymbolExists.c.o  -o cmTC_259a3 
CMakeFiles/cmTC_259a3.dir/CheckSymbolExists.c.o: In function `main':
CheckSymbolExists.c:(.text+0x1b): undefined reference to `pthread_create'
collect2: error: ld returned 1 exit status
CMakeFiles/cmTC_259a3.dir/build.make:97: recipe for target 'cmTC_259a3' failed
make[1]: *** [cmTC_259a3] Error 1
make[1]: Leaving directory '/mnt/sda3/UBA/Algoritmos 2/Clase6/CMakeFiles/CMakeTmp'
Makefile:126: recipe for target 'cmTC_259a3/fast' failed
make: *** [cmTC_259a3/fast] Error 2

File /mnt/sda3/UBA/Algoritmos 2/Clase6/CMakeFiles/CMakeTmp/CheckSymbolExists.c:
/* */
#include <pthread.h>

int main(int argc, char** argv)
{
  (void)argv;
#ifndef pthread_create
  return ((int*)(&pthread_create))[argc];
#else
  (void)argc;
  return 0;
#endif
}

Determining if the function pthread_create exists in the pthreads failed with the following output:
Change Dir: /mnt/sda3/UBA/Algoritmos 2/Clase6/CMakeFiles/CMakeTmp

Run Build Command:"/usr/bin/make" "cmTC_06c1f/fast"
/usr/bin/make -f CMakeFiles/cmTC_06c1f.dir/build.make CMakeFiles/cmTC_06c1f.dir/build
make[1]: Entering directory '/mnt/sda3/UBA/Algoritmos 2/Clase6/CMakeFiles/CMakeTmp'
Building C object CMakeFiles/cmTC_06c1f.dir/CheckFunctionExists.c.o
/usr/bin/cc   -DCHECK_FUNCTION_EXISTS=pthread_create   -o CMakeFiles/cmTC_06c1f.dir/CheckFunctionExists.c.o   -c /usr/share/cmake-3.10/Modules/CheckFunctionExists.c
Linking C executable cmTC_06c1f
/usr/bin/cmake -E cmake_link_script CMakeFiles/cmTC_06c1f.dir/link.txt --verbose=1
/usr/bin/cc  -DCHECK_FUNCTION_EXISTS=pthread_create    -rdynamic CMakeFiles/cmTC_06c1f.dir/CheckFunctionExists.c.o  -o cmTC_06c1f -lpthreads 
/usr/bin/ld: cannot find -lpthreads
collect2: error: ld returned 1 exit status
CMakeFiles/cmTC_06c1f.dir/build.make:97: recipe for target 'cmTC_06c1f' failed
make[1]: *** [cmTC_06c1f] Error 1
make[1]: Leaving directory '/mnt/sda3/UBA/Algoritmos 2/Clase6/CMakeFiles/CMakeTmp'
Makefile:126: recipe for target 'cmTC_06c1f/fast' failed
make: *** [cmTC_06c1f/fast] Error 2


